[2020-07-02 14:10:01] START
[2020-07-02 14:11:52] EDIT Sankey/controllers/default.py: -15
[2020-07-02 14:12:14] CREATE default/login.html: 0
[2020-07-02 14:12:32] CREATE default/home.html: 0
[2020-07-02 14:13:50] CREATE default/employee.html: 0
[2020-07-02 14:15:13] EDIT Sankey/views/default/index.html: -25
[2020-07-02 14:15:26] EDIT Sankey/views/default/index.html: 3
[2020-07-02 14:15:57] EDIT Sankey/views/default/login.html: 48
[2020-07-02 14:16:28] EDIT Sankey/views/default/home.html: 53
[2020-07-02 14:17:38] EDIT Sankey/views/default/index.html: 0
[2020-07-02 14:18:42] EDIT Sankey/views/default/index.html: 2
[2020-07-02 14:19:57] EDIT Sankey/views/default/index.html: 0
[2020-07-02 14:20:14] EDIT Sankey/views/default/index.html: 0
[2020-07-02 14:20:48] EDIT Sankey/views/default/index.html: -2
[2020-07-02 14:21:49] EDIT Sankey/controllers/default.py: 1
[2020-07-02 14:22:12] EDIT Sankey/controllers/default.py: 0
[2020-07-02 14:23:09] EDIT Sankey/controllers/default.py: 0
[2020-07-02 14:24:05] EDIT Sankey/controllers/default.py: 2
[2020-07-02 14:25:27] EDIT Sankey/views/default/index.html: 0
[2020-07-02 14:25:43] EDIT Sankey/views/default/index.html: 1
[2020-07-02 14:25:57] EDIT Sankey/views/default/index.html: 0
[2020-07-02 14:26:38] EDIT Sankey/views/default/login.html: 0
[2020-07-02 14:26:48] EDIT Sankey/views/default/login.html: 0
[2020-07-02 14:26:55] EDIT Sankey/views/default/login.html: 0
[2020-07-02 14:27:34] EDIT Sankey/views/default/login.html: 0
[2020-07-02 14:28:08] EDIT Sankey/views/default/index.html: 2
[2020-07-02 14:28:50] EDIT Sankey/controllers/default.py: 1
[2020-07-02 14:29:04] EDIT Sankey/views/default/index.html: 0
[2020-07-02 14:29:44] EDIT Sankey/controllers/default.py: 1
[2020-07-02 14:31:01] EDIT Sankey/views/default/index.html: 1
[2020-07-02 14:31:14] EDIT Sankey/views/default/index.html: 1
[2020-07-02 14:31:42] EDIT Sankey/views/default/login.html: -2
[2020-07-02 14:34:27] EDIT Sankey/views/default/home.html: 2
[2020-07-02 14:34:50] EDIT Sankey/views/default/home.html: 0
[2020-07-02 14:35:51] EDIT Sankey/views/default/home.html: 0
[2020-07-02 14:36:53] EDIT Sankey/views/default/home.html: 0
[2020-07-02 14:37:55] EDIT Sankey/views/default/home.html: 2
[2020-07-02 14:38:54] EDIT Sankey/views/default/home.html: 0
[2020-07-02 14:39:57] EDIT Sankey/views/default/home.html: -2
[2020-07-02 14:40:08] EDIT Sankey/views/default/home.html: -2
[2020-07-02 14:43:04] EDIT Sankey/views/default/employee.html: 1
[2020-07-02 14:43:39] EDIT Sankey/controllers/default.py: 2
[2020-07-02 14:43:42] EDIT Sankey/controllers/default.py: 0
[2020-07-02 14:45:10] EDIT Sankey/views/default/home.html: 0
[2020-07-02 14:46:05] EDIT Sankey/views/default/home.html: 1
[2020-07-02 14:46:15] EDIT Sankey/views/default/home.html: 0
[2020-07-02 14:46:39] EDIT Sankey/views/default/home.html: 0
[2020-07-02 19:08:45] EDIT Sankey/views/default/home.html: 0
[2020-07-02 19:09:01] EDIT Sankey/views/default/home.html: 0
[2020-07-02 19:09:48] EDIT Sankey/views/default/home.html: 0
[2020-07-02 19:10:26] EDIT Sankey/views/default/home.html: 0
[2020-07-02 19:16:55] EDIT Sankey/views/default/home.html: 0
[2020-07-02 19:17:25] EDIT Sankey/views/default/home.html: 0
[2020-07-02 19:17:46] EDIT Sankey/views/default/home.html: 0
[2020-07-02 19:18:31] EDIT Sankey/controllers/default.py: 1
[2020-07-02 19:18:38] EDIT Sankey/views/default/home.html: 0
[2020-07-02 19:19:55] EDIT Sankey/views/default/home.html: 0
[2020-07-02 19:20:12] EDIT Sankey/views/default/home.html: 0
[2020-07-02 19:20:50] EDIT Sankey/views/default/home.html: 0
[2020-07-02 19:21:02] EDIT Sankey/views/default/home.html: 0
[2020-07-02 19:21:22] EDIT Sankey/views/default/home.html: 0
[2020-07-02 19:21:38] EDIT Sankey/views/default/home.html: 0
[2020-07-02 19:21:59] EDIT Sankey/views/default/home.html: 0
[2020-07-02 19:22:42] EDIT Sankey/views/default/home.html: 1
[2020-07-02 19:23:15] EDIT Sankey/views/default/home.html: 0
[2020-07-02 19:26:53] EDIT Sankey/views/default/employee.html: 1
[2020-07-02 19:29:36] EDIT Sankey/views/default/employee.html: 0
[2020-07-02 19:30:14] EDIT Sankey/views/default/employee.html: 0
[2020-07-02 19:31:11] EDIT Sankey/controllers/default.py: 1
[2020-07-02 19:31:16] EDIT Sankey/views/default/employee.html: -1
[2020-07-02 19:31:40] EDIT Sankey/views/default/home.html: 0
[2020-07-02 19:40:23] EDIT Sankey/views/default/employee.html: 23
[2020-07-02 19:41:38] EDIT Sankey/views/default/employee.html: 1
[2020-07-02 19:42:18] EDIT Sankey/views/default/employee.html: 3
[2020-07-02 20:10:21] EDIT Sankey/views/default/home.html: -3
[2020-07-02 20:10:57] EDIT Sankey/views/default/home.html: 0
[2020-07-02 20:12:26] EDIT Sankey/views/default/home.html: 0
[2020-07-02 20:18:16] EDIT Sankey/views/default/home.html: 0
[2020-07-02 20:33:30] EDIT Sankey/views/default/employee.html: 32
[2020-07-02 20:34:05] EDIT Sankey/views/default/employee.html: 0
[2020-07-02 20:34:16] EDIT Sankey/controllers/default.py: 4
[2020-07-02 20:34:50] EDIT Sankey/controllers/default.py: 0
[2020-07-02 20:36:02] EDIT Sankey/controllers/default.py: 0
[2020-07-02 20:36:33] EDIT Sankey/views/default/employee.html: -3
[2020-07-02 20:37:03] EDIT Sankey/views/default/employee.html: 0
[2020-07-02 20:37:22] EDIT Sankey/views/default/employee.html: 0
[2020-07-02 20:37:33] EDIT Sankey/views/default/employee.html: 0
[2020-07-02 20:37:52] EDIT Sankey/views/default/employee.html: 0
[2020-07-02 20:38:06] EDIT Sankey/views/default/employee.html: 0
[2020-07-02 20:38:19] EDIT Sankey/views/default/employee.html: 0
[2020-07-02 20:38:49] EDIT Sankey/views/default/employee.html: 0
[2020-07-02 20:39:32] EDIT Sankey/views/default/employee.html: 0
[2020-07-02 20:39:48] EDIT Sankey/views/default/employee.html: 0
[2020-07-02 20:40:07] EDIT Sankey/views/default/employee.html: 0
[2020-07-02 20:40:36] EDIT Sankey/views/default/employee.html: 0
[2020-07-02 20:40:53] EDIT Sankey/views/default/employee.html: 0
[2020-07-02 20:41:26] EDIT Sankey/views/default/employee.html: -3
[2020-07-02 20:41:48] EDIT Sankey/views/default/employee.html: 0
[2020-07-02 20:47:35] EDIT Sankey/views/default/employee.html: 5
[2020-07-02 20:47:49] EDIT Sankey/views/default/employee.html: 0
[2020-07-02 20:48:11] EDIT Sankey/views/default/home.html: 5
[2020-07-02 20:48:32] EDIT Sankey/views/default/home.html: 5
[2020-07-02 20:48:50] EDIT Sankey/views/default/home.html: -5
[2020-07-02 20:54:01] EDIT Sankey/views/default/home.html: -3
[2020-07-02 20:54:18] EDIT Sankey/views/default/home.html: -2
[2020-07-02 20:59:56] EDIT Sankey/views/default/home.html: 0
[2020-07-02 21:00:11] EDIT Sankey/views/default/home.html: 0
[2020-07-02 21:00:42] EDIT Sankey/views/default/home.html: 0
[2020-07-02 21:01:03] EDIT Sankey/views/default/home.html: 1
[2020-07-02 21:01:52] EDIT Sankey/views/default/home.html: 1
[2020-07-02 21:01:57] EDIT Sankey/views/default/home.html: 0
[2020-07-02 21:02:13] EDIT Sankey/views/default/home.html: -1
[2020-07-02 21:02:22] EDIT Sankey/views/default/home.html: 0
[2020-07-02 21:03:34] EDIT Sankey/views/default/home.html: 0
[2020-07-02 21:05:00] EDIT Sankey/views/default/home.html: 0
[2020-07-02 21:05:20] EDIT Sankey/views/default/home.html: 0
[2020-07-03 12:30:29] EDIT Sankey/views/default/home.html: 0
[2020-07-03 12:31:36] EDIT Sankey/views/default/home.html: 0
[2020-07-03 12:33:12] EDIT Sankey/views/default/home.html: 0
[2020-07-03 12:34:07] EDIT Sankey/views/default/index.html: 0
[2020-07-03 12:34:10] EDIT Sankey/views/default/login.html: 0
[2020-07-03 12:34:13] EDIT Sankey/views/default/home.html: 0
[2020-07-03 12:34:24] EDIT Sankey/views/default/employee.html: 0
[2020-07-03 12:36:57] EDIT Sankey/views/default/index.html: 0
[2020-07-03 12:37:38] EDIT Sankey/views/default/index.html: 0
[2020-07-03 12:42:43] EDIT Sankey/views/default/index.html: 0
[2020-07-03 12:43:11] EDIT Sankey/controllers/default.py: 1
[2020-07-03 12:43:34] CREATE this.html: 0
